
896468464
*Afghanistan*
				Confirmed: 367
				Deaths: 11
+918860009709
*India*
				Confirmed: 4778
				Deaths: 136
+917838716089
*India*
				Confirmed: 4778
				Deaths: 136
896468464
*India*
				Confirmed: 4778
				Deaths: 136
+918860009709
*Pakistan*
				Confirmed: 3766
				Deaths: 53
+917838716089
*Pakistan*
				Confirmed: 3766
				Deaths: 53
896468464
*Pakistan*
				Confirmed: 3766
				Deaths: 53
896468464
*Afghanistan*
				Confirmed: 367
				Deaths: 11
+918860009709
*India*
				Confirmed: 4778
				Deaths: 136
+917838716089
*India*
				Confirmed: 4778
				Deaths: 136
896468464
*India*
				Confirmed: 4778
				Deaths: 136
+918860009709
*Pakistan*
				Confirmed: 3766
				Deaths: 53
+917838716089
*Pakistan*
				Confirmed: 3766
				Deaths: 53
896468464
*Pakistan*
				Confirmed: 3766
				Deaths: 53
896468464
*Afghanistan*
				Confirmed: 367
				Deaths: 11
+918860009709
*India*
				Confirmed: 4778
				Deaths: 136
+917838716089
*India*
				Confirmed: 4778
				Deaths: 136
896468464
*India*
				Confirmed: 4778
				Deaths: 136
+918860009709
*Pakistan*
				Confirmed: 3766
				Deaths: 53
+917838716089
*Pakistan*
				Confirmed: 3766
				Deaths: 53
896468464
*Pakistan*
				Confirmed: 3766
				Deaths: 53
896468464
*Afghanistan*
				Confirmed: 367
				Deaths: 11
+918860009709
*India*
				Confirmed: 4778
				Deaths: 136
+917838716089
*India*
				Confirmed: 4778
				Deaths: 136
896468464
*India*
				Confirmed: 4778
				Deaths: 136
+918860009709
*Pakistan*
				Confirmed: 3766
				Deaths: 53
+917838716089
*Pakistan*
				Confirmed: 3766
				Deaths: 53
896468464
*Pakistan*
				Confirmed: 3766
				Deaths: 53
896468464
*Afghanistan*
				Confirmed: 367
				Deaths: 11
+918860009709
*India*
				Confirmed: 4778
				Deaths: 136
+917838716089
*India*
				Confirmed: 4778
				Deaths: 136
896468464
*India*
				Confirmed: 4778
				Deaths: 136
+918860009709
*Pakistan*
				Confirmed: 3766
				Deaths: 53
+917838716089
*Pakistan*
				Confirmed: 3766
				Deaths: 53
896468464
*Pakistan*
				Confirmed: 3766
				Deaths: 53
896468464
*Afghanistan*
				Confirmed: 367
				Deaths: 11
+918860009709
*India*
				Confirmed: 4778
				Deaths: 136
+917838716089
*India*
				Confirmed: 4778
				Deaths: 136
896468464
*India*
				Confirmed: 4778
				Deaths: 136
+918860009709
*Pakistan*
				Confirmed: 3766
				Deaths: 53
+917838716089
*Pakistan*
				Confirmed: 3766
				Deaths: 53
896468464
*Pakistan*
				Confirmed: 3766
				Deaths: 53
896468464
*Afghanistan*
				Confirmed: 367
				Deaths: 11
+918860009709
*Pakistan*
				Confirmed: 3766
				Deaths: 53